11/11/2024 19:57:31-0
Recall-----:   0.99999997      0.99999997      0.99999997      0.99999997      0.99999997      0.99999997      0.62302069      0.58607388      0.54874643      0.49972086      0.0   
Precision--:   0.00074791      0.00074791      0.00074791      0.00074791      0.00074791      0.00074791      0.06828156      0.08546857      0.10520196      0.13171077      0.0   
11/11/2024 19:58:02-1
Recall-----:   0.99999999      0.99999999      0.99999999      0.99999999      0.99999999      0.77485535      0.57408394      0.54332876      0.51164737      0.4677096      0.0   
Precision--:   0.00074791      0.00074791      0.00074791      0.00074791      0.00074791      0.00115203      0.07172023      0.08498566      0.09975411      0.11904808      0.0   
11/11/2024 19:58:32-2
Recall-----:   0.99999999      0.99999999      0.99999999      0.99999999      0.91875591      0.76232406      0.6231645      0.59722222      0.56995195      0.53035762      0.0   
Precision--:   0.00074791      0.00074791      0.00074791      0.00074791      0.00102674      0.00168891      0.07800336      0.0898732      0.10284659      0.11954797      0.0   
11/11/2024 19:59:02-3
Recall-----:   0.99999999      0.99999999      0.99999999      0.99999999      0.84748655      0.72565215      0.61740002      0.59409257      0.5689327      0.53206836      0.0   
Precision--:   0.00074791      0.00074791      0.00074791      0.00074791      0.00126019      0.00213591      0.08726357      0.09972589      0.11334247      0.13103513      0.0   
11/11/2024 19:59:48-4
Recall-----:   0.99999999      0.99999999      0.99999999      0.92051867      0.79436662      0.69359521      0.60390276      0.58238428      0.55840438      0.52329476      0.0   
Precision--:   0.00074791      0.00074791      0.00074791      0.00085992      0.00147448      0.00254559      0.09603459      0.10890099      0.12277485      0.14075586      0.0   
11/11/2024 20:00:39-5
Recall-----:   1.0      1.0      1.0      0.84548399      0.73700771      0.65007105      0.5724599      0.5515589      0.52808228      0.4935969      0.0   
Precision--:   0.00074791      0.00074791      0.00074791      0.00094741      0.00164045      0.00285932      0.10387506      0.11721011      0.13149337      0.14984721      0.0   
25/11/2024 19:06:13-0
Recall-----:   0.99999996      0.99999996      0.99999996      0.99999996      0.99999996      0.94278648      0.93455762      0.92558711      0.91439163      0.89673315      0.0   
Precision--:   0.00065068      0.00065068      0.00065068      0.00065068      0.00065068      0.00980454      0.01124967      0.01263737      0.01437232      0.01720907      0.0   
25/11/2024 19:06:30-1
Recall-----:   0.99999998      0.99999998      0.99999998      0.99999998      0.96999822      0.93724173      0.92892458      0.91970685      0.90822884      0.89090586      0.0   
Precision--:   0.00065068      0.00065068      0.00065068      0.00065068      0.0011867      0.01016259      0.011381      0.01261724      0.01417016      0.01671257      0.0   
25/11/2024 19:06:46-2
Recall-----:   0.99999999      0.99999999      0.99999999      0.96234033      0.93951379      0.91446229      0.90593913      0.89649772      0.88473717      0.86530107      0.0   
Precision--:   0.00065068      0.00065068      0.00065068      0.00093402      0.0017082      0.013841      0.01546131      0.01711094      0.01917372      0.02249314      0.0   
26/11/2024 15:14:06-0
Recall-----:   0.99999996      0.99999996      0.67176406      0.58509622      0.52043085      0.46604272      0.41801164      0.37467772      0.33031961      0.27748542      0.0   
Precision--:   0.00065068      0.00065068      0.03384225      0.0548747      0.07103981      0.08560604      0.10026515      0.11685722      0.13826186      0.17206114      0.0   
26/11/2024 15:14:23-1
Recall-----:   0.99999998      0.99999998      0.65691329      0.58634998      0.53295072      0.48484901      0.44218611      0.40164223      0.35889104      0.30370828      0.0   
Precision--:   0.00065068      0.00065068      0.04711003      0.07116236      0.08905577      0.10444094      0.11935539      0.13550386      0.15513201      0.18318245      0.0   
26/11/2024 15:14:39-2
Recall-----:   0.99999999      0.90762257      0.66407675      0.60687503      0.56304667      0.5234328      0.48759785      0.45235152      0.41424451      0.36292895      0.0   
Precision--:   0.00065068      0.00088308      0.05783156      0.08346867      0.1020261      0.11781899      0.13290784      0.14876574      0.16754515      0.19334224      0.0   
26/11/2024 15:14:56-3
Recall-----:   0.99999999      0.8426364      0.64841956      0.5986138      0.56039201      0.52520748      0.49334275      0.46125728      0.42592265      0.37790923      0.0   
Precision--:   0.00065068      0.00109123      0.06778485      0.09581354      0.11587107      0.13275205      0.1487789      0.16531598      0.18461962      0.21103337      0.0   
26/11/2024 15:15:13-4
Recall-----:   0.99999999      0.80839131      0.64437224      0.59893342      0.56331979      0.53062334      0.50117605      0.47085996      0.43703337      0.39078933      0.0   
Precision--:   0.00065068      0.00130647      0.07671143      0.10633383      0.12710718      0.14449093      0.16089707      0.1775622      0.19667134      0.22267747      0.0   
26/11/2024 15:15:45-6
Recall-----:   0.99999999      0.75574279      0.62769355      0.58840594      0.55721097      0.52899271      0.50278247      0.47542695      0.44457001      0.40252768      0.0   
Precision--:   0.00065068      0.0017057      0.09157429      0.12337301      0.14510515      0.16318149      0.17984581      0.19647466      0.21534145      0.24078964      0.0   
